<?xml version="1.0" encoding="UTF-8"?>
<testsuite xmlns:xsi="http://www.w3.org/2001/XMLSchema-instance" xsi:noNamespaceSchemaLocation="https://maven.apache.org/surefire/maven-surefire-plugin/xsd/surefire-test-report.xsd" name="Base.AppTest" time="0.147" tests="1" errors="0" skipped="0" failures="0">
  <properties>
    <property name="sun.desktop" value="windows"/>
    <property name="awt.toolkit" value="sun.awt.windows.WToolkit"/>
    <property name="file.encoding.pkg" value="sun.io"/>
    <property name="java.specification.version" value="1.8"/>
    <property name="sun.cpu.isalist" value="amd64"/>
    <property name="sun.jnu.encoding" value="GBK"/>
    <property name="java.class.path" value="C:\Users\Administrator\IdeaProjects\Base-Test\Common-Models\target\test-classes;C:\Users\Administrator\IdeaProjects\Base-Test\Common-Models\target\classes;C:\maven-repository\repository1\junit\junit\4.11\junit-4.11.jar;C:\maven-repository\repository1\org\hamcrest\hamcrest-core\1.3\hamcrest-core-1.3.jar;C:\maven-repository\repository1\com\alibaba\fastjson\1.2.62\fastjson-1.2.62.jar;C:\maven-repository\repository1\com\alibaba\easyexcel\2.1.4\easyexcel-2.1.4.jar;C:\maven-repository\repository1\org\apache\poi\poi-ooxml\3.17\poi-ooxml-3.17.jar;C:\maven-repository\repository1\org\apache\poi\poi-ooxml-schemas\3.17\poi-ooxml-schemas-3.17.jar;C:\maven-repository\repository1\org\apache\xmlbeans\xmlbeans\2.6.0\xmlbeans-2.6.0.jar;C:\maven-repository\repository1\stax\stax-api\1.0.1\stax-api-1.0.1.jar;C:\maven-repository\repository1\com\github\virtuald\curvesapi\1.04\curvesapi-1.04.jar;C:\maven-repository\repository1\cglib\cglib\3.1\cglib-3.1.jar;C:\maven-repository\repository1\org\ow2\asm\asm\4.2\asm-4.2.jar;C:\maven-repository\repository1\org\slf4j\slf4j-api\1.7.26\slf4j-api-1.7.26.jar;C:\maven-repository\repository1\org\ehcache\ehcache\3.7.1\ehcache-3.7.1.jar;C:\maven-repository\repository1\org\glassfish\jaxb\jaxb-runtime\2.3.1\jaxb-runtime-2.3.1.jar;C:\maven-repository\repository1\javax\xml\bind\jaxb-api\2.3.1\jaxb-api-2.3.1.jar;C:\maven-repository\repository1\org\glassfish\jaxb\txw2\2.3.1\txw2-2.3.1.jar;C:\maven-repository\repository1\com\sun\istack\istack-commons-runtime\3.0.7\istack-commons-runtime-3.0.7.jar;C:\maven-repository\repository1\org\jvnet\staxex\stax-ex\1.8\stax-ex-1.8.jar;C:\maven-repository\repository1\com\sun\xml\fastinfoset\FastInfoset\1.2.15\FastInfoset-1.2.15.jar;C:\maven-repository\repository1\javax\activation\javax.activation-api\1.2.0\javax.activation-api-1.2.0.jar;C:\maven-repository\repository1\org\apache\commons\commons-lang3\3.9\commons-lang3-3.9.jar;C:\maven-repository\repository1\org\apache\poi\poi\3.17\poi-3.17.jar;C:\maven-repository\repository1\commons-codec\commons-codec\1.10\commons-codec-1.10.jar;C:\maven-repository\repository1\org\apache\commons\commons-collections4\4.1\commons-collections4-4.1.jar;C:\maven-repository\repository1\org\springframework\spring-context\4.2.4.RELEASE\spring-context-4.2.4.RELEASE.jar;C:\maven-repository\repository1\org\springframework\spring-aop\4.2.4.RELEASE\spring-aop-4.2.4.RELEASE.jar;C:\maven-repository\repository1\aopalliance\aopalliance\1.0\aopalliance-1.0.jar;C:\maven-repository\repository1\org\springframework\spring-core\4.2.4.RELEASE\spring-core-4.2.4.RELEASE.jar;C:\maven-repository\repository1\commons-logging\commons-logging\1.2\commons-logging-1.2.jar;C:\maven-repository\repository1\org\springframework\spring-expression\4.2.4.RELEASE\spring-expression-4.2.4.RELEASE.jar;C:\maven-repository\repository1\org\springframework\spring-beans\4.2.4.RELEASE\spring-beans-4.2.4.RELEASE.jar;C:\maven-repository\repository1\org\springframework\spring-webmvc\4.2.4.RELEASE\spring-webmvc-4.2.4.RELEASE.jar;C:\maven-repository\repository1\org\springframework\spring-web\4.2.4.RELEASE\spring-web-4.2.4.RELEASE.jar;C:\maven-repository\repository1\org\springframework\spring-jdbc\4.2.4.RELEASE\spring-jdbc-4.2.4.RELEASE.jar;C:\maven-repository\repository1\org\springframework\spring-tx\4.2.4.RELEASE\spring-tx-4.2.4.RELEASE.jar;C:\maven-repository\repository1\org\springframework\spring-aspects\4.2.4.RELEASE\spring-aspects-4.2.4.RELEASE.jar;C:\maven-repository\repository1\org\aspectj\aspectjweaver\1.8.7\aspectjweaver-1.8.7.jar;C:\maven-repository\repository1\org\springframework\spring-jms\4.2.4.RELEASE\spring-jms-4.2.4.RELEASE.jar;C:\maven-repository\repository1\org\springframework\spring-messaging\4.2.4.RELEASE\spring-messaging-4.2.4.RELEASE.jar;C:\maven-repository\repository1\org\springframework\spring-context-support\4.2.4.RELEASE\spring-context-support-4.2.4.RELEASE.jar;C:\maven-repository\repository1\org\springframework\spring-test\4.2.4.RELEASE\spring-test-4.2.4.RELEASE.jar;C:\maven-repository\repository1\com\baidu\aip\java-sdk\4.15.1\java-sdk-4.15.1.jar;C:\maven-repository\repository1\org\json\json\20160810\json-20160810.jar;C:\maven-repository\repository1\org\slf4j\slf4j-simple\1.7.25\slf4j-simple-1.7.25.jar;C:\maven-repository\repository1\com\google\guava\guava\23.0\guava-23.0.jar;C:\maven-repository\repository1\com\google\code\findbugs\jsr305\1.3.9\jsr305-1.3.9.jar;C:\maven-repository\repository1\com\google\errorprone\error_prone_annotations\2.0.18\error_prone_annotations-2.0.18.jar;C:\maven-repository\repository1\com\google\j2objc\j2objc-annotations\1.1\j2objc-annotations-1.1.jar;C:\maven-repository\repository1\org\codehaus\mojo\animal-sniffer-annotations\1.14\animal-sniffer-annotations-1.14.jar;"/>
    <property name="java.vm.vendor" value="Oracle Corporation"/>
    <property name="sun.arch.data.model" value="64"/>
    <property name="user.variant" value=""/>
    <property name="java.vendor.url" value="http://java.oracle.com/"/>
    <property name="user.timezone" value="Asia/Shanghai"/>
    <property name="java.vm.specification.version" value="1.8"/>
    <property name="os.name" value="Windows Server 2008 R2"/>
    <property name="user.country" value="CN"/>
    <property name="sun.java.launcher" value="SUN_STANDARD"/>
    <property name="sun.boot.library.path" value="C:\Program Files\Java\jdk1.8.0_212\jre\bin"/>
    <property name="sun.java.command" value="C:\Users\ADMINI~1\AppData\Local\Temp\surefire3929220166287141852\surefirebooter2721917933686622008.jar C:\Users\Administrator\AppData\Local\Temp\surefire3929220166287141852 2020-09-05T10-19-43_837-jvmRun1 surefire8008871167939054798tmp surefire_08832146508208244312tmp"/>
    <property name="surefire.test.class.path" value="C:\Users\Administrator\IdeaProjects\Base-Test\Common-Models\target\test-classes;C:\Users\Administrator\IdeaProjects\Base-Test\Common-Models\target\classes;C:\maven-repository\repository1\junit\junit\4.11\junit-4.11.jar;C:\maven-repository\repository1\org\hamcrest\hamcrest-core\1.3\hamcrest-core-1.3.jar;C:\maven-repository\repository1\com\alibaba\fastjson\1.2.62\fastjson-1.2.62.jar;C:\maven-repository\repository1\com\alibaba\easyexcel\2.1.4\easyexcel-2.1.4.jar;C:\maven-repository\repository1\org\apache\poi\poi-ooxml\3.17\poi-ooxml-3.17.jar;C:\maven-repository\repository1\org\apache\poi\poi-ooxml-schemas\3.17\poi-ooxml-schemas-3.17.jar;C:\maven-repository\repository1\org\apache\xmlbeans\xmlbeans\2.6.0\xmlbeans-2.6.0.jar;C:\maven-repository\repository1\stax\stax-api\1.0.1\stax-api-1.0.1.jar;C:\maven-repository\repository1\com\github\virtuald\curvesapi\1.04\curvesapi-1.04.jar;C:\maven-repository\repository1\cglib\cglib\3.1\cglib-3.1.jar;C:\maven-repository\repository1\org\ow2\asm\asm\4.2\asm-4.2.jar;C:\maven-repository\repository1\org\slf4j\slf4j-api\1.7.26\slf4j-api-1.7.26.jar;C:\maven-repository\repository1\org\ehcache\ehcache\3.7.1\ehcache-3.7.1.jar;C:\maven-repository\repository1\org\glassfish\jaxb\jaxb-runtime\2.3.1\jaxb-runtime-2.3.1.jar;C:\maven-repository\repository1\javax\xml\bind\jaxb-api\2.3.1\jaxb-api-2.3.1.jar;C:\maven-repository\repository1\org\glassfish\jaxb\txw2\2.3.1\txw2-2.3.1.jar;C:\maven-repository\repository1\com\sun\istack\istack-commons-runtime\3.0.7\istack-commons-runtime-3.0.7.jar;C:\maven-repository\repository1\org\jvnet\staxex\stax-ex\1.8\stax-ex-1.8.jar;C:\maven-repository\repository1\com\sun\xml\fastinfoset\FastInfoset\1.2.15\FastInfoset-1.2.15.jar;C:\maven-repository\repository1\javax\activation\javax.activation-api\1.2.0\javax.activation-api-1.2.0.jar;C:\maven-repository\repository1\org\apache\commons\commons-lang3\3.9\commons-lang3-3.9.jar;C:\maven-repository\repository1\org\apache\poi\poi\3.17\poi-3.17.jar;C:\maven-repository\repository1\commons-codec\commons-codec\1.10\commons-codec-1.10.jar;C:\maven-repository\repository1\org\apache\commons\commons-collections4\4.1\commons-collections4-4.1.jar;C:\maven-repository\repository1\org\springframework\spring-context\4.2.4.RELEASE\spring-context-4.2.4.RELEASE.jar;C:\maven-repository\repository1\org\springframework\spring-aop\4.2.4.RELEASE\spring-aop-4.2.4.RELEASE.jar;C:\maven-repository\repository1\aopalliance\aopalliance\1.0\aopalliance-1.0.jar;C:\maven-repository\repository1\org\springframework\spring-core\4.2.4.RELEASE\spring-core-4.2.4.RELEASE.jar;C:\maven-repository\repository1\commons-logging\commons-logging\1.2\commons-logging-1.2.jar;C:\maven-repository\repository1\org\springframework\spring-expression\4.2.4.RELEASE\spring-expression-4.2.4.RELEASE.jar;C:\maven-repository\repository1\org\springframework\spring-beans\4.2.4.RELEASE\spring-beans-4.2.4.RELEASE.jar;C:\maven-repository\repository1\org\springframework\spring-webmvc\4.2.4.RELEASE\spring-webmvc-4.2.4.RELEASE.jar;C:\maven-repository\repository1\org\springframework\spring-web\4.2.4.RELEASE\spring-web-4.2.4.RELEASE.jar;C:\maven-repository\repository1\org\springframework\spring-jdbc\4.2.4.RELEASE\spring-jdbc-4.2.4.RELEASE.jar;C:\maven-repository\repository1\org\springframework\spring-tx\4.2.4.RELEASE\spring-tx-4.2.4.RELEASE.jar;C:\maven-repository\repository1\org\springframework\spring-aspects\4.2.4.RELEASE\spring-aspects-4.2.4.RELEASE.jar;C:\maven-repository\repository1\org\aspectj\aspectjweaver\1.8.7\aspectjweaver-1.8.7.jar;C:\maven-repository\repository1\org\springframework\spring-jms\4.2.4.RELEASE\spring-jms-4.2.4.RELEASE.jar;C:\maven-repository\repository1\org\springframework\spring-messaging\4.2.4.RELEASE\spring-messaging-4.2.4.RELEASE.jar;C:\maven-repository\repository1\org\springframework\spring-context-support\4.2.4.RELEASE\spring-context-support-4.2.4.RELEASE.jar;C:\maven-repository\repository1\org\springframework\spring-test\4.2.4.RELEASE\spring-test-4.2.4.RELEASE.jar;C:\maven-repository\repository1\com\baidu\aip\java-sdk\4.15.1\java-sdk-4.15.1.jar;C:\maven-repository\repository1\org\json\json\20160810\json-20160810.jar;C:\maven-repository\repository1\org\slf4j\slf4j-simple\1.7.25\slf4j-simple-1.7.25.jar;C:\maven-repository\repository1\com\google\guava\guava\23.0\guava-23.0.jar;C:\maven-repository\repository1\com\google\code\findbugs\jsr305\1.3.9\jsr305-1.3.9.jar;C:\maven-repository\repository1\com\google\errorprone\error_prone_annotations\2.0.18\error_prone_annotations-2.0.18.jar;C:\maven-repository\repository1\com\google\j2objc\j2objc-annotations\1.1\j2objc-annotations-1.1.jar;C:\maven-repository\repository1\org\codehaus\mojo\animal-sniffer-annotations\1.14\animal-sniffer-annotations-1.14.jar;"/>
    <property name="sun.cpu.endian" value="little"/>
    <property name="user.home" value="C:\Users\Administrator"/>
    <property name="user.language" value="zh"/>
    <property name="java.specification.vendor" value="Oracle Corporation"/>
    <property name="java.home" value="C:\Program Files\Java\jdk1.8.0_212\jre"/>
    <property name="basedir" value="C:\Users\Administrator\IdeaProjects\Base-Test\Common-Models"/>
    <property name="file.separator" value="\"/>
    <property name="line.separator" value="&#10;"/>
    <property name="java.vm.specification.vendor" value="Oracle Corporation"/>
    <property name="java.specification.name" value="Java Platform API Specification"/>
    <property name="java.awt.graphicsenv" value="sun.awt.Win32GraphicsEnvironment"/>
    <property name="surefire.real.class.path" value="C:\Users\ADMINI~1\AppData\Local\Temp\surefire3929220166287141852\surefirebooter2721917933686622008.jar"/>
    <property name="sun.boot.class.path" value="C:\Program Files\Java\jdk1.8.0_212\jre\lib\resources.jar;C:\Program Files\Java\jdk1.8.0_212\jre\lib\rt.jar;C:\Program Files\Java\jdk1.8.0_212\jre\lib\sunrsasign.jar;C:\Program Files\Java\jdk1.8.0_212\jre\lib\jsse.jar;C:\Program Files\Java\jdk1.8.0_212\jre\lib\jce.jar;C:\Program Files\Java\jdk1.8.0_212\jre\lib\charsets.jar;C:\Program Files\Java\jdk1.8.0_212\jre\lib\jfr.jar;C:\Program Files\Java\jdk1.8.0_212\jre\classes"/>
    <property name="user.script" value=""/>
    <property name="sun.management.compiler" value="HotSpot 64-Bit Tiered Compilers"/>
    <property name="java.runtime.version" value="1.8.0_212-b10"/>
    <property name="user.name" value="Administrator"/>
    <property name="path.separator" value=";"/>
    <property name="os.version" value="6.1"/>
    <property name="java.endorsed.dirs" value="C:\Program Files\Java\jdk1.8.0_212\jre\lib\endorsed"/>
    <property name="java.runtime.name" value="Java(TM) SE Runtime Environment"/>
    <property name="file.encoding" value="GBK"/>
    <property name="java.vm.name" value="Java HotSpot(TM) 64-Bit Server VM"/>
    <property name="localRepository" value="C:\maven-repository\repository1"/>
    <property name="java.vendor.url.bug" value="http://bugreport.sun.com/bugreport/"/>
    <property name="java.io.tmpdir" value="C:\Users\ADMINI~1\AppData\Local\Temp\"/>
    <property name="idea.version" value="2018.3.1"/>
    <property name="java.version" value="1.8.0_212"/>
    <property name="user.dir" value="C:\Users\Administrator\IdeaProjects\Base-Test\Common-Models"/>
    <property name="os.arch" value="amd64"/>
    <property name="java.vm.specification.name" value="Java Virtual Machine Specification"/>
    <property name="java.awt.printerjob" value="sun.awt.windows.WPrinterJob"/>
    <property name="sun.os.patch.level" value="Service Pack 1"/>
    <property name="java.library.path" value="C:\Program Files\Java\jdk1.8.0_212\jre\bin;C:\Windows\Sun\Java\bin;C:\Windows\system32;C:\Windows;C:\Program Files\Java\jdk1.8.0_212\bin;C:\Program Files\Java\jdk1.8.0_212\jre\bin;C:\app\Administrator\product\11.2.0\dbhome_1\bin;C:\Windows\system32;C:\Windows;C:\Windows\System32\Wbem;C:\Windows\System32\WindowsPowerShell\v1.0\;C:\apache-tomcat-7.0.52\bin;C:\Program Files\TortoiseGit\bin;C:\Program Files\mysql-5.6.17-winx64\bin;C:\Program Files (x86)\Subversion\bin;C:\Program Files\TortoiseSVN\bin;C:\apache-cxf-2.7.11\bin;C:\maven\apache-maven-3.3.9\bin;C:\Program Files\VisualSVN Server\bin;C:\maven\apache-maven-3.3.9\bin;C:\Program Files\MongoDB\Server\3.2\bin;C:\Program Files\nodejs\;C:\Program Files\PuTTY\;C:\Program Files (x86)\Tesseract-OCR;C:\MinGW\bin;C:\Program Files\MongoDB\Server\3.2\bin;C:\Program Files\Git\cmd;C:\Users\Administrator\AppData\Local\Programs\Python\Python36\Scripts\;C:\Users\Administrator\AppData\Local\Programs\Python\Python36\;C:\Python27;C:\Users\Administrator\AppData\Roaming\npm;C:\Program Files\JetBrains\IntelliJ IDEA 2018.3.1\bin;C:\Users\Administrator\AppData\Local\Programs\Fiddler;."/>
    <property name="java.vm.info" value="mixed mode"/>
    <property name="java.vendor" value="Oracle Corporation"/>
    <property name="java.vm.version" value="25.212-b10"/>
    <property name="java.ext.dirs" value="C:\Program Files\Java\jdk1.8.0_212\jre\lib\ext;C:\Windows\Sun\Java\lib\ext"/>
    <property name="sun.io.unicode.encoding" value="UnicodeLittle"/>
    <property name="maven.repo.local" value="C:\maven-repository\repository1"/>
    <property name="java.class.version" value="52.0"/>
  </properties>
  <testcase name="shouldAnswerWithTrue" classname="Base.AppTest" time="0.003"/>
</testsuite>